<?xml version="1.0" encoding="UTF-8"?>
<testng-results ignored="0" total="1" passed="1" failed="0" skipped="0">
  <reporter-output>
  </reporter-output>
  <suite started-at="2021-02-23T11:13:12 IST" name="Default suite" finished-at="2021-02-23T11:17:51 IST" duration-ms="279296">
    <groups>
    </groups>
    <test started-at="2021-02-23T11:13:12 IST" name="Default test" finished-at="2021-02-23T11:17:51 IST" duration-ms="279296">
      <class name="SDET.SDETAppiumProject.MangetoTest">
        <test-method signature="Magneto()[pri:0, instance:SDET.SDETAppiumProject.MangetoTest@2cd2a21f]" started-at="2021-02-23T11:13:12 IST" name="Magneto" finished-at="2021-02-23T11:17:51 IST" duration-ms="279149" status="PASS">
          <reporter-output>
          </reporter-output>
        </test-method> <!-- Magneto -->
      </class> <!-- SDET.SDETAppiumProject.MangetoTest -->
    </test> <!-- Default test -->
  </suite> <!-- Default suite -->
</testng-results>
